[2021-08-19 03:27:20] local.ERROR: syntax error, unexpected end of file {"exception":"[object] (ParseError(code: 0): syntax error, unexpected end of file at /Applications/MAMP/htdocs/Cursolaravel/blog/routes/web.php:36)
[stacktrace]
#0 /Applications/MAMP/htdocs/Cursolaravel/blog/vendor/laravel/framework/src/Illuminate/Routing/Router.php(425): Illuminate\\Routing\\RouteFileRegistrar->register('/Applications/M...')
#1 /Applications/MAMP/htdocs/Cursolaravel/blog/vendor/laravel/framework/src/Illuminate/Routing/Router.php(382): Illuminate\\Routing\\Router->loadRoutes('/Applications/M...')
#2 /Applications/MAMP/htdocs/Cursolaravel/blog/vendor/laravel/framework/src/Illuminate/Routing/RouteRegistrar.php(135): Illuminate\\Routing\\Router->group(Array, '/Applications/M...')
#3 /Applications/MAMP/htdocs/Cursolaravel/blog/app/Providers/RouteServiceProvider.php(48): Illuminate\\Routing\\RouteRegistrar->group('/Applications/M...')
#4 /Applications/MAMP/htdocs/Cursolaravel/blog/vendor/laravel/framework/src/Illuminate/Container/BoundMethod.php(36): App\\Providers\\RouteServiceProvider->App\\Providers\\{closure}()
#5 /Applications/MAMP/htdocs/Cursolaravel/blog/vendor/laravel/framework/src/Illuminate/Container/Util.php(40): Illuminate\\Container\\BoundMethod::Illuminate\\Container\\{closure}()
#6 /Applications/MAMP/htdocs/Cursolaravel/blog/vendor/laravel/framework/src/Illuminate/Container/BoundMethod.php(81): Illuminate\\Container\\Util::unwrapIfClosure(Object(Closure))
#7 /Applications/MAMP/htdocs/Cursolaravel/blog/vendor/laravel/framework/src/Illuminate/Container/BoundMethod.php(37): Illuminate\\Container\\BoundMethod::callBoundMethod(Object(Illuminate\\Foundation\\Application), Object(Closure), Object(Closure))
#8 /Applications/MAMP/htdocs/Cursolaravel/blog/vendor/laravel/framework/src/Illuminate/Container/Container.php(651): Illuminate\\Container\\BoundMethod::call(Object(Illuminate\\Foundation\\Application), Object(Closure), Array, NULL)
#9 /Applications/MAMP/htdocs/Cursolaravel/blog/vendor/laravel/framework/src/Illuminate/Foundation/Support/Providers/RouteServiceProvider.php(120): Illuminate\\Container\\Container->call(Object(Closure))
#10 /Applications/MAMP/htdocs/Cursolaravel/blog/vendor/laravel/framework/src/Illuminate/Foundation/Support/Providers/RouteServiceProvider.php(45): Illuminate\\Foundation\\Support\\Providers\\RouteServiceProvider->loadRoutes()
#11 /Applications/MAMP/htdocs/Cursolaravel/blog/vendor/laravel/framework/src/Illuminate/Container/BoundMethod.php(36): Illuminate\\Foundation\\Support\\Providers\\RouteServiceProvider->Illuminate\\Foundation\\Support\\Providers\\{closure}()
#12 /Applications/MAMP/htdocs/Cursolaravel/blog/vendor/laravel/framework/src/Illuminate/Container/Util.php(40): Illuminate\\Container\\BoundMethod::Illuminate\\Container\\{closure}()
#13 /Applications/MAMP/htdocs/Cursolaravel/blog/vendor/laravel/framework/src/Illuminate/Container/BoundMethod.php(81): Illuminate\\Container\\Util::unwrapIfClosure(Object(Closure))
#14 /Applications/MAMP/htdocs/Cursolaravel/blog/vendor/laravel/framework/src/Illuminate/Container/BoundMethod.php(37): Illuminate\\Container\\BoundMethod::callBoundMethod(Object(Illuminate\\Foundation\\Application), Object(Closure), Object(Closure))
#15 /Applications/MAMP/htdocs/Cursolaravel/blog/vendor/laravel/framework/src/Illuminate/Container/Container.php(651): Illuminate\\Container\\BoundMethod::call(Object(Illuminate\\Foundation\\Application), Object(Closure), Array, NULL)
#16 /Applications/MAMP/htdocs/Cursolaravel/blog/vendor/laravel/framework/src/Illuminate/Support/ServiceProvider.php(113): Illuminate\\Container\\Container->call(Object(Closure))
#17 /Applications/MAMP/htdocs/Cursolaravel/blog/vendor/laravel/framework/src/Illuminate/Foundation/Application.php(917): Illuminate\\Support\\ServiceProvider->callBootedCallbacks()
#18 /Applications/MAMP/htdocs/Cursolaravel/blog/vendor/laravel/framework/src/Illuminate/Foundation/Application.php(895): Illuminate\\Foundation\\Application->bootProvider(Object(App\\Providers\\RouteServiceProvider))
#19 [internal function]: Illuminate\\Foundation\\Application->Illuminate\\Foundation\\{closure}(Object(App\\Providers\\RouteServiceProvider), 23)
#20 /Applications/MAMP/htdocs/Cursolaravel/blog/vendor/laravel/framework/src/Illuminate/Foundation/Application.php(896): array_walk(Array, Object(Closure))
#21 /Applications/MAMP/htdocs/Cursolaravel/blog/vendor/laravel/framework/src/Illuminate/Foundation/Bootstrap/BootProviders.php(17): Illuminate\\Foundation\\Application->boot()
#22 /Applications/MAMP/htdocs/Cursolaravel/blog/vendor/laravel/framework/src/Illuminate/Foundation/Application.php(237): Illuminate\\Foundation\\Bootstrap\\BootProviders->bootstrap(Object(Illuminate\\Foundation\\Application))
#23 /Applications/MAMP/htdocs/Cursolaravel/blog/vendor/laravel/framework/src/Illuminate/Foundation/Http/Kernel.php(152): Illuminate\\Foundation\\Application->bootstrapWith(Array)
#24 /Applications/MAMP/htdocs/Cursolaravel/blog/vendor/laravel/framework/src/Illuminate/Foundation/Http/Kernel.php(136): Illuminate\\Foundation\\Http\\Kernel->bootstrap()
#25 /Applications/MAMP/htdocs/Cursolaravel/blog/vendor/laravel/framework/src/Illuminate/Foundation/Http/Kernel.php(110): Illuminate\\Foundation\\Http\\Kernel->sendRequestThroughRouter(Object(Illuminate\\Http\\Request))
#26 /Applications/MAMP/htdocs/Cursolaravel/blog/public/index.php(52): Illuminate\\Foundation\\Http\\Kernel->handle(Object(Illuminate\\Http\\Request))
#27 {main}
"} 
[2021-08-19 03:27:27] local.ERROR: syntax error, unexpected end of file {"exception":"[object] (ParseError(code: 0): syntax error, unexpected end of file at /Applications/MAMP/htdocs/Cursolaravel/blog/routes/web.php:36)
[stacktrace]
#0 /Applications/MAMP/htdocs/Cursolaravel/blog/vendor/laravel/framework/src/Illuminate/Routing/Router.php(425): Illuminate\\Routing\\RouteFileRegistrar->register('/Applications/M...')
#1 /Applications/MAMP/htdocs/Cursolaravel/blog/vendor/laravel/framework/src/Illuminate/Routing/Router.php(382): Illuminate\\Routing\\Router->loadRoutes('/Applications/M...')
#2 /Applications/MAMP/htdocs/Cursolaravel/blog/vendor/laravel/framework/src/Illuminate/Routing/RouteRegistrar.php(135): Illuminate\\Routing\\Router->group(Array, '/Applications/M...')
#3 /Applications/MAMP/htdocs/Cursolaravel/blog/app/Providers/RouteServiceProvider.php(48): Illuminate\\Routing\\RouteRegistrar->group('/Applications/M...')
#4 /Applications/MAMP/htdocs/Cursolaravel/blog/vendor/laravel/framework/src/Illuminate/Container/BoundMethod.php(36): App\\Providers\\RouteServiceProvider->App\\Providers\\{closure}()
#5 /Applications/MAMP/htdocs/Cursolaravel/blog/vendor/laravel/framework/src/Illuminate/Container/Util.php(40): Illuminate\\Container\\BoundMethod::Illuminate\\Container\\{closure}()
#6 /Applications/MAMP/htdocs/Cursolaravel/blog/vendor/laravel/framework/src/Illuminate/Container/BoundMethod.php(81): Illuminate\\Container\\Util::unwrapIfClosure(Object(Closure))
#7 /Applications/MAMP/htdocs/Cursolaravel/blog/vendor/laravel/framework/src/Illuminate/Container/BoundMethod.php(37): Illuminate\\Container\\BoundMethod::callBoundMethod(Object(Illuminate\\Foundation\\Application), Object(Closure), Object(Closure))
#8 /Applications/MAMP/htdocs/Cursolaravel/blog/vendor/laravel/framework/src/Illuminate/Container/Container.php(651): Illuminate\\Container\\BoundMethod::call(Object(Illuminate\\Foundation\\Application), Object(Closure), Array, NULL)
#9 /Applications/MAMP/htdocs/Cursolaravel/blog/vendor/laravel/framework/src/Illuminate/Foundation/Support/Providers/RouteServiceProvider.php(120): Illuminate\\Container\\Container->call(Object(Closure))
#10 /Applications/MAMP/htdocs/Cursolaravel/blog/vendor/laravel/framework/src/Illuminate/Foundation/Support/Providers/RouteServiceProvider.php(45): Illuminate\\Foundation\\Support\\Providers\\RouteServiceProvider->loadRoutes()
#11 /Applications/MAMP/htdocs/Cursolaravel/blog/vendor/laravel/framework/src/Illuminate/Container/BoundMethod.php(36): Illuminate\\Foundation\\Support\\Providers\\RouteServiceProvider->Illuminate\\Foundation\\Support\\Providers\\{closure}()
#12 /Applications/MAMP/htdocs/Cursolaravel/blog/vendor/laravel/framework/src/Illuminate/Container/Util.php(40): Illuminate\\Container\\BoundMethod::Illuminate\\Container\\{closure}()
#13 /Applications/MAMP/htdocs/Cursolaravel/blog/vendor/laravel/framework/src/Illuminate/Container/BoundMethod.php(81): Illuminate\\Container\\Util::unwrapIfClosure(Object(Closure))
#14 /Applications/MAMP/htdocs/Cursolaravel/blog/vendor/laravel/framework/src/Illuminate/Container/BoundMethod.php(37): Illuminate\\Container\\BoundMethod::callBoundMethod(Object(Illuminate\\Foundation\\Application), Object(Closure), Object(Closure))
#15 /Applications/MAMP/htdocs/Cursolaravel/blog/vendor/laravel/framework/src/Illuminate/Container/Container.php(651): Illuminate\\Container\\BoundMethod::call(Object(Illuminate\\Foundation\\Application), Object(Closure), Array, NULL)
#16 /Applications/MAMP/htdocs/Cursolaravel/blog/vendor/laravel/framework/src/Illuminate/Support/ServiceProvider.php(113): Illuminate\\Container\\Container->call(Object(Closure))
#17 /Applications/MAMP/htdocs/Cursolaravel/blog/vendor/laravel/framework/src/Illuminate/Foundation/Application.php(917): Illuminate\\Support\\ServiceProvider->callBootedCallbacks()
#18 /Applications/MAMP/htdocs/Cursolaravel/blog/vendor/laravel/framework/src/Illuminate/Foundation/Application.php(895): Illuminate\\Foundation\\Application->bootProvider(Object(App\\Providers\\RouteServiceProvider))
#19 [internal function]: Illuminate\\Foundation\\Application->Illuminate\\Foundation\\{closure}(Object(App\\Providers\\RouteServiceProvider), 23)
#20 /Applications/MAMP/htdocs/Cursolaravel/blog/vendor/laravel/framework/src/Illuminate/Foundation/Application.php(896): array_walk(Array, Object(Closure))
#21 /Applications/MAMP/htdocs/Cursolaravel/blog/vendor/laravel/framework/src/Illuminate/Foundation/Bootstrap/BootProviders.php(17): Illuminate\\Foundation\\Application->boot()
#22 /Applications/MAMP/htdocs/Cursolaravel/blog/vendor/laravel/framework/src/Illuminate/Foundation/Application.php(237): Illuminate\\Foundation\\Bootstrap\\BootProviders->bootstrap(Object(Illuminate\\Foundation\\Application))
#23 /Applications/MAMP/htdocs/Cursolaravel/blog/vendor/laravel/framework/src/Illuminate/Foundation/Http/Kernel.php(152): Illuminate\\Foundation\\Application->bootstrapWith(Array)
#24 /Applications/MAMP/htdocs/Cursolaravel/blog/vendor/laravel/framework/src/Illuminate/Foundation/Http/Kernel.php(136): Illuminate\\Foundation\\Http\\Kernel->bootstrap()
#25 /Applications/MAMP/htdocs/Cursolaravel/blog/vendor/laravel/framework/src/Illuminate/Foundation/Http/Kernel.php(110): Illuminate\\Foundation\\Http\\Kernel->sendRequestThroughRouter(Object(Illuminate\\Http\\Request))
#26 /Applications/MAMP/htdocs/Cursolaravel/blog/public/index.php(52): Illuminate\\Foundation\\Http\\Kernel->handle(Object(Illuminate\\Http\\Request))
#27 {main}
"} 
[2021-08-19 03:27:35] local.ERROR: syntax error, unexpected end of file {"exception":"[object] (ParseError(code: 0): syntax error, unexpected end of file at /Applications/MAMP/htdocs/Cursolaravel/blog/routes/web.php:36)
[stacktrace]
#0 /Applications/MAMP/htdocs/Cursolaravel/blog/vendor/laravel/framework/src/Illuminate/Routing/Router.php(425): Illuminate\\Routing\\RouteFileRegistrar->register('/Applications/M...')
#1 /Applications/MAMP/htdocs/Cursolaravel/blog/vendor/laravel/framework/src/Illuminate/Routing/Router.php(382): Illuminate\\Routing\\Router->loadRoutes('/Applications/M...')
#2 /Applications/MAMP/htdocs/Cursolaravel/blog/vendor/laravel/framework/src/Illuminate/Routing/RouteRegistrar.php(135): Illuminate\\Routing\\Router->group(Array, '/Applications/M...')
#3 /Applications/MAMP/htdocs/Cursolaravel/blog/app/Providers/RouteServiceProvider.php(48): Illuminate\\Routing\\RouteRegistrar->group('/Applications/M...')
#4 /Applications/MAMP/htdocs/Cursolaravel/blog/vendor/laravel/framework/src/Illuminate/Container/BoundMethod.php(36): App\\Providers\\RouteServiceProvider->App\\Providers\\{closure}()
#5 /Applications/MAMP/htdocs/Cursolaravel/blog/vendor/laravel/framework/src/Illuminate/Container/Util.php(40): Illuminate\\Container\\BoundMethod::Illuminate\\Container\\{closure}()
#6 /Applications/MAMP/htdocs/Cursolaravel/blog/vendor/laravel/framework/src/Illuminate/Container/BoundMethod.php(81): Illuminate\\Container\\Util::unwrapIfClosure(Object(Closure))
#7 /Applications/MAMP/htdocs/Cursolaravel/blog/vendor/laravel/framework/src/Illuminate/Container/BoundMethod.php(37): Illuminate\\Container\\BoundMethod::callBoundMethod(Object(Illuminate\\Foundation\\Application), Object(Closure), Object(Closure))
#8 /Applications/MAMP/htdocs/Cursolaravel/blog/vendor/laravel/framework/src/Illuminate/Container/Container.php(651): Illuminate\\Container\\BoundMethod::call(Object(Illuminate\\Foundation\\Application), Object(Closure), Array, NULL)
#9 /Applications/MAMP/htdocs/Cursolaravel/blog/vendor/laravel/framework/src/Illuminate/Foundation/Support/Providers/RouteServiceProvider.php(120): Illuminate\\Container\\Container->call(Object(Closure))
#10 /Applications/MAMP/htdocs/Cursolaravel/blog/vendor/laravel/framework/src/Illuminate/Foundation/Support/Providers/RouteServiceProvider.php(45): Illuminate\\Foundation\\Support\\Providers\\RouteServiceProvider->loadRoutes()
#11 /Applications/MAMP/htdocs/Cursolaravel/blog/vendor/laravel/framework/src/Illuminate/Container/BoundMethod.php(36): Illuminate\\Foundation\\Support\\Providers\\RouteServiceProvider->Illuminate\\Foundation\\Support\\Providers\\{closure}()
#12 /Applications/MAMP/htdocs/Cursolaravel/blog/vendor/laravel/framework/src/Illuminate/Container/Util.php(40): Illuminate\\Container\\BoundMethod::Illuminate\\Container\\{closure}()
#13 /Applications/MAMP/htdocs/Cursolaravel/blog/vendor/laravel/framework/src/Illuminate/Container/BoundMethod.php(81): Illuminate\\Container\\Util::unwrapIfClosure(Object(Closure))
#14 /Applications/MAMP/htdocs/Cursolaravel/blog/vendor/laravel/framework/src/Illuminate/Container/BoundMethod.php(37): Illuminate\\Container\\BoundMethod::callBoundMethod(Object(Illuminate\\Foundation\\Application), Object(Closure), Object(Closure))
#15 /Applications/MAMP/htdocs/Cursolaravel/blog/vendor/laravel/framework/src/Illuminate/Container/Container.php(651): Illuminate\\Container\\BoundMethod::call(Object(Illuminate\\Foundation\\Application), Object(Closure), Array, NULL)
#16 /Applications/MAMP/htdocs/Cursolaravel/blog/vendor/laravel/framework/src/Illuminate/Support/ServiceProvider.php(113): Illuminate\\Container\\Container->call(Object(Closure))
#17 /Applications/MAMP/htdocs/Cursolaravel/blog/vendor/laravel/framework/src/Illuminate/Foundation/Application.php(917): Illuminate\\Support\\ServiceProvider->callBootedCallbacks()
#18 /Applications/MAMP/htdocs/Cursolaravel/blog/vendor/laravel/framework/src/Illuminate/Foundation/Application.php(895): Illuminate\\Foundation\\Application->bootProvider(Object(App\\Providers\\RouteServiceProvider))
#19 [internal function]: Illuminate\\Foundation\\Application->Illuminate\\Foundation\\{closure}(Object(App\\Providers\\RouteServiceProvider), 23)
#20 /Applications/MAMP/htdocs/Cursolaravel/blog/vendor/laravel/framework/src/Illuminate/Foundation/Application.php(896): array_walk(Array, Object(Closure))
#21 /Applications/MAMP/htdocs/Cursolaravel/blog/vendor/laravel/framework/src/Illuminate/Foundation/Bootstrap/BootProviders.php(17): Illuminate\\Foundation\\Application->boot()
#22 /Applications/MAMP/htdocs/Cursolaravel/blog/vendor/laravel/framework/src/Illuminate/Foundation/Application.php(237): Illuminate\\Foundation\\Bootstrap\\BootProviders->bootstrap(Object(Illuminate\\Foundation\\Application))
#23 /Applications/MAMP/htdocs/Cursolaravel/blog/vendor/laravel/framework/src/Illuminate/Foundation/Http/Kernel.php(152): Illuminate\\Foundation\\Application->bootstrapWith(Array)
#24 /Applications/MAMP/htdocs/Cursolaravel/blog/vendor/laravel/framework/src/Illuminate/Foundation/Http/Kernel.php(136): Illuminate\\Foundation\\Http\\Kernel->bootstrap()
#25 /Applications/MAMP/htdocs/Cursolaravel/blog/vendor/laravel/framework/src/Illuminate/Foundation/Http/Kernel.php(110): Illuminate\\Foundation\\Http\\Kernel->sendRequestThroughRouter(Object(Illuminate\\Http\\Request))
#26 /Applications/MAMP/htdocs/Cursolaravel/blog/public/index.php(52): Illuminate\\Foundation\\Http\\Kernel->handle(Object(Illuminate\\Http\\Request))
#27 {main}
"} 
[2021-08-26 00:36:33] local.ERROR: Invalid route action: [App\Http\Controllers\CursoController]. {"exception":"[object] (UnexpectedValueException(code: 0): Invalid route action: [App\\Http\\Controllers\\CursoController]. at /Applications/MAMP/htdocs/Cursolaravel/blog/vendor/laravel/framework/src/Illuminate/Routing/RouteAction.php:92)
[stacktrace]
#0 /Applications/MAMP/htdocs/Cursolaravel/blog/vendor/laravel/framework/src/Illuminate/Routing/RouteAction.php(47): Illuminate\\Routing\\RouteAction::makeInvokable('App\\\\Http\\\\Contro...')
#1 /Applications/MAMP/htdocs/Cursolaravel/blog/vendor/laravel/framework/src/Illuminate/Routing/Route.php(183): Illuminate\\Routing\\RouteAction::parse('/', Array)
#2 /Applications/MAMP/htdocs/Cursolaravel/blog/vendor/laravel/framework/src/Illuminate/Routing/Route.php(164): Illuminate\\Routing\\Route->parseAction(Array)
#3 /Applications/MAMP/htdocs/Cursolaravel/blog/vendor/laravel/framework/src/Illuminate/Routing/Router.php(557): Illuminate\\Routing\\Route->__construct(Array, '/', Array)
#4 /Applications/MAMP/htdocs/Cursolaravel/blog/vendor/laravel/framework/src/Illuminate/Routing/Router.php(476): Illuminate\\Routing\\Router->newRoute(Array, '/', Array)
#5 /Applications/MAMP/htdocs/Cursolaravel/blog/vendor/laravel/framework/src/Illuminate/Routing/Router.php(455): Illuminate\\Routing\\Router->createRoute(Array, '/', Array)
#6 /Applications/MAMP/htdocs/Cursolaravel/blog/vendor/laravel/framework/src/Illuminate/Routing/Router.php(147): Illuminate\\Routing\\Router->addRoute(Array, '/', 'App\\\\Http\\\\Contro...')
#7 /Applications/MAMP/htdocs/Cursolaravel/blog/vendor/laravel/framework/src/Illuminate/Support/Facades/Facade.php(261): Illuminate\\Routing\\Router->get('/', 'App\\\\Http\\\\Contro...')
#8 /Applications/MAMP/htdocs/Cursolaravel/blog/routes/web.php(9): Illuminate\\Support\\Facades\\Facade::__callStatic('get', Array)
#9 /Applications/MAMP/htdocs/Cursolaravel/blog/vendor/laravel/framework/src/Illuminate/Routing/RouteFileRegistrar.php(35): require('/Applications/M...')
#10 /Applications/MAMP/htdocs/Cursolaravel/blog/vendor/laravel/framework/src/Illuminate/Routing/Router.php(425): Illuminate\\Routing\\RouteFileRegistrar->register('/Applications/M...')
#11 /Applications/MAMP/htdocs/Cursolaravel/blog/vendor/laravel/framework/src/Illuminate/Routing/Router.php(382): Illuminate\\Routing\\Router->loadRoutes('/Applications/M...')
#12 /Applications/MAMP/htdocs/Cursolaravel/blog/vendor/laravel/framework/src/Illuminate/Routing/RouteRegistrar.php(135): Illuminate\\Routing\\Router->group(Array, '/Applications/M...')
#13 /Applications/MAMP/htdocs/Cursolaravel/blog/app/Providers/RouteServiceProvider.php(48): Illuminate\\Routing\\RouteRegistrar->group('/Applications/M...')
#14 /Applications/MAMP/htdocs/Cursolaravel/blog/vendor/laravel/framework/src/Illuminate/Container/BoundMethod.php(36): App\\Providers\\RouteServiceProvider->App\\Providers\\{closure}()
#15 /Applications/MAMP/htdocs/Cursolaravel/blog/vendor/laravel/framework/src/Illuminate/Container/Util.php(40): Illuminate\\Container\\BoundMethod::Illuminate\\Container\\{closure}()
#16 /Applications/MAMP/htdocs/Cursolaravel/blog/vendor/laravel/framework/src/Illuminate/Container/BoundMethod.php(81): Illuminate\\Container\\Util::unwrapIfClosure(Object(Closure))
#17 /Applications/MAMP/htdocs/Cursolaravel/blog/vendor/laravel/framework/src/Illuminate/Container/BoundMethod.php(37): Illuminate\\Container\\BoundMethod::callBoundMethod(Object(Illuminate\\Foundation\\Application), Object(Closure), Object(Closure))
#18 /Applications/MAMP/htdocs/Cursolaravel/blog/vendor/laravel/framework/src/Illuminate/Container/Container.php(651): Illuminate\\Container\\BoundMethod::call(Object(Illuminate\\Foundation\\Application), Object(Closure), Array, NULL)
#19 /Applications/MAMP/htdocs/Cursolaravel/blog/vendor/laravel/framework/src/Illuminate/Foundation/Support/Providers/RouteServiceProvider.php(120): Illuminate\\Container\\Container->call(Object(Closure))
#20 /Applications/MAMP/htdocs/Cursolaravel/blog/vendor/laravel/framework/src/Illuminate/Foundation/Support/Providers/RouteServiceProvider.php(45): Illuminate\\Foundation\\Support\\Providers\\RouteServiceProvider->loadRoutes()
#21 /Applications/MAMP/htdocs/Cursolaravel/blog/vendor/laravel/framework/src/Illuminate/Container/BoundMethod.php(36): Illuminate\\Foundation\\Support\\Providers\\RouteServiceProvider->Illuminate\\Foundation\\Support\\Providers\\{closure}()
#22 /Applications/MAMP/htdocs/Cursolaravel/blog/vendor/laravel/framework/src/Illuminate/Container/Util.php(40): Illuminate\\Container\\BoundMethod::Illuminate\\Container\\{closure}()
#23 /Applications/MAMP/htdocs/Cursolaravel/blog/vendor/laravel/framework/src/Illuminate/Container/BoundMethod.php(81): Illuminate\\Container\\Util::unwrapIfClosure(Object(Closure))
#24 /Applications/MAMP/htdocs/Cursolaravel/blog/vendor/laravel/framework/src/Illuminate/Container/BoundMethod.php(37): Illuminate\\Container\\BoundMethod::callBoundMethod(Object(Illuminate\\Foundation\\Application), Object(Closure), Object(Closure))
#25 /Applications/MAMP/htdocs/Cursolaravel/blog/vendor/laravel/framework/src/Illuminate/Container/Container.php(651): Illuminate\\Container\\BoundMethod::call(Object(Illuminate\\Foundation\\Application), Object(Closure), Array, NULL)
#26 /Applications/MAMP/htdocs/Cursolaravel/blog/vendor/laravel/framework/src/Illuminate/Support/ServiceProvider.php(113): Illuminate\\Container\\Container->call(Object(Closure))
#27 /Applications/MAMP/htdocs/Cursolaravel/blog/vendor/laravel/framework/src/Illuminate/Foundation/Application.php(917): Illuminate\\Support\\ServiceProvider->callBootedCallbacks()
#28 /Applications/MAMP/htdocs/Cursolaravel/blog/vendor/laravel/framework/src/Illuminate/Foundation/Application.php(895): Illuminate\\Foundation\\Application->bootProvider(Object(App\\Providers\\RouteServiceProvider))
#29 [internal function]: Illuminate\\Foundation\\Application->Illuminate\\Foundation\\{closure}(Object(App\\Providers\\RouteServiceProvider), 23)
#30 /Applications/MAMP/htdocs/Cursolaravel/blog/vendor/laravel/framework/src/Illuminate/Foundation/Application.php(896): array_walk(Array, Object(Closure))
#31 /Applications/MAMP/htdocs/Cursolaravel/blog/vendor/laravel/framework/src/Illuminate/Foundation/Bootstrap/BootProviders.php(17): Illuminate\\Foundation\\Application->boot()
#32 /Applications/MAMP/htdocs/Cursolaravel/blog/vendor/laravel/framework/src/Illuminate/Foundation/Application.php(237): Illuminate\\Foundation\\Bootstrap\\BootProviders->bootstrap(Object(Illuminate\\Foundation\\Application))
#33 /Applications/MAMP/htdocs/Cursolaravel/blog/vendor/laravel/framework/src/Illuminate/Foundation/Http/Kernel.php(152): Illuminate\\Foundation\\Application->bootstrapWith(Array)
#34 /Applications/MAMP/htdocs/Cursolaravel/blog/vendor/laravel/framework/src/Illuminate/Foundation/Http/Kernel.php(136): Illuminate\\Foundation\\Http\\Kernel->bootstrap()
#35 /Applications/MAMP/htdocs/Cursolaravel/blog/vendor/laravel/framework/src/Illuminate/Foundation/Http/Kernel.php(110): Illuminate\\Foundation\\Http\\Kernel->sendRequestThroughRouter(Object(Illuminate\\Http\\Request))
#36 /Applications/MAMP/htdocs/Cursolaravel/blog/public/index.php(52): Illuminate\\Foundation\\Http\\Kernel->handle(Object(Illuminate\\Http\\Request))
#37 {main}
"} 
[2021-08-26 00:36:35] local.ERROR: Invalid route action: [App\Http\Controllers\CursoController]. {"exception":"[object] (UnexpectedValueException(code: 0): Invalid route action: [App\\Http\\Controllers\\CursoController]. at /Applications/MAMP/htdocs/Cursolaravel/blog/vendor/laravel/framework/src/Illuminate/Routing/RouteAction.php:92)
[stacktrace]
#0 /Applications/MAMP/htdocs/Cursolaravel/blog/vendor/laravel/framework/src/Illuminate/Routing/RouteAction.php(47): Illuminate\\Routing\\RouteAction::makeInvokable('App\\\\Http\\\\Contro...')
#1 /Applications/MAMP/htdocs/Cursolaravel/blog/vendor/laravel/framework/src/Illuminate/Routing/Route.php(183): Illuminate\\Routing\\RouteAction::parse('/', Array)
#2 /Applications/MAMP/htdocs/Cursolaravel/blog/vendor/laravel/framework/src/Illuminate/Routing/Route.php(164): Illuminate\\Routing\\Route->parseAction(Array)
#3 /Applications/MAMP/htdocs/Cursolaravel/blog/vendor/laravel/framework/src/Illuminate/Routing/Router.php(557): Illuminate\\Routing\\Route->__construct(Array, '/', Array)
#4 /Applications/MAMP/htdocs/Cursolaravel/blog/vendor/laravel/framework/src/Illuminate/Routing/Router.php(476): Illuminate\\Routing\\Router->newRoute(Array, '/', Array)
#5 /Applications/MAMP/htdocs/Cursolaravel/blog/vendor/laravel/framework/src/Illuminate/Routing/Router.php(455): Illuminate\\Routing\\Router->createRoute(Array, '/', Array)
#6 /Applications/MAMP/htdocs/Cursolaravel/blog/vendor/laravel/framework/src/Illuminate/Routing/Router.php(147): Illuminate\\Routing\\Router->addRoute(Array, '/', 'App\\\\Http\\\\Contro...')
#7 /Applications/MAMP/htdocs/Cursolaravel/blog/vendor/laravel/framework/src/Illuminate/Support/Facades/Facade.php(261): Illuminate\\Routing\\Router->get('/', 'App\\\\Http\\\\Contro...')
#8 /Applications/MAMP/htdocs/Cursolaravel/blog/routes/web.php(9): Illuminate\\Support\\Facades\\Facade::__callStatic('get', Array)
#9 /Applications/MAMP/htdocs/Cursolaravel/blog/vendor/laravel/framework/src/Illuminate/Routing/RouteFileRegistrar.php(35): require('/Applications/M...')
#10 /Applications/MAMP/htdocs/Cursolaravel/blog/vendor/laravel/framework/src/Illuminate/Routing/Router.php(425): Illuminate\\Routing\\RouteFileRegistrar->register('/Applications/M...')
#11 /Applications/MAMP/htdocs/Cursolaravel/blog/vendor/laravel/framework/src/Illuminate/Routing/Router.php(382): Illuminate\\Routing\\Router->loadRoutes('/Applications/M...')
#12 /Applications/MAMP/htdocs/Cursolaravel/blog/vendor/laravel/framework/src/Illuminate/Routing/RouteRegistrar.php(135): Illuminate\\Routing\\Router->group(Array, '/Applications/M...')
#13 /Applications/MAMP/htdocs/Cursolaravel/blog/app/Providers/RouteServiceProvider.php(48): Illuminate\\Routing\\RouteRegistrar->group('/Applications/M...')
#14 /Applications/MAMP/htdocs/Cursolaravel/blog/vendor/laravel/framework/src/Illuminate/Container/BoundMethod.php(36): App\\Providers\\RouteServiceProvider->App\\Providers\\{closure}()
#15 /Applications/MAMP/htdocs/Cursolaravel/blog/vendor/laravel/framework/src/Illuminate/Container/Util.php(40): Illuminate\\Container\\BoundMethod::Illuminate\\Container\\{closure}()
#16 /Applications/MAMP/htdocs/Cursolaravel/blog/vendor/laravel/framework/src/Illuminate/Container/BoundMethod.php(81): Illuminate\\Container\\Util::unwrapIfClosure(Object(Closure))
#17 /Applications/MAMP/htdocs/Cursolaravel/blog/vendor/laravel/framework/src/Illuminate/Container/BoundMethod.php(37): Illuminate\\Container\\BoundMethod::callBoundMethod(Object(Illuminate\\Foundation\\Application), Object(Closure), Object(Closure))
#18 /Applications/MAMP/htdocs/Cursolaravel/blog/vendor/laravel/framework/src/Illuminate/Container/Container.php(651): Illuminate\\Container\\BoundMethod::call(Object(Illuminate\\Foundation\\Application), Object(Closure), Array, NULL)
#19 /Applications/MAMP/htdocs/Cursolaravel/blog/vendor/laravel/framework/src/Illuminate/Foundation/Support/Providers/RouteServiceProvider.php(120): Illuminate\\Container\\Container->call(Object(Closure))
#20 /Applications/MAMP/htdocs/Cursolaravel/blog/vendor/laravel/framework/src/Illuminate/Foundation/Support/Providers/RouteServiceProvider.php(45): Illuminate\\Foundation\\Support\\Providers\\RouteServiceProvider->loadRoutes()
#21 /Applications/MAMP/htdocs/Cursolaravel/blog/vendor/laravel/framework/src/Illuminate/Container/BoundMethod.php(36): Illuminate\\Foundation\\Support\\Providers\\RouteServiceProvider->Illuminate\\Foundation\\Support\\Providers\\{closure}()
#22 /Applications/MAMP/htdocs/Cursolaravel/blog/vendor/laravel/framework/src/Illuminate/Container/Util.php(40): Illuminate\\Container\\BoundMethod::Illuminate\\Container\\{closure}()
#23 /Applications/MAMP/htdocs/Cursolaravel/blog/vendor/laravel/framework/src/Illuminate/Container/BoundMethod.php(81): Illuminate\\Container\\Util::unwrapIfClosure(Object(Closure))
#24 /Applications/MAMP/htdocs/Cursolaravel/blog/vendor/laravel/framework/src/Illuminate/Container/BoundMethod.php(37): Illuminate\\Container\\BoundMethod::callBoundMethod(Object(Illuminate\\Foundation\\Application), Object(Closure), Object(Closure))
#25 /Applications/MAMP/htdocs/Cursolaravel/blog/vendor/laravel/framework/src/Illuminate/Container/Container.php(651): Illuminate\\Container\\BoundMethod::call(Object(Illuminate\\Foundation\\Application), Object(Closure), Array, NULL)
#26 /Applications/MAMP/htdocs/Cursolaravel/blog/vendor/laravel/framework/src/Illuminate/Support/ServiceProvider.php(113): Illuminate\\Container\\Container->call(Object(Closure))
#27 /Applications/MAMP/htdocs/Cursolaravel/blog/vendor/laravel/framework/src/Illuminate/Foundation/Application.php(917): Illuminate\\Support\\ServiceProvider->callBootedCallbacks()
#28 /Applications/MAMP/htdocs/Cursolaravel/blog/vendor/laravel/framework/src/Illuminate/Foundation/Application.php(895): Illuminate\\Foundation\\Application->bootProvider(Object(App\\Providers\\RouteServiceProvider))
#29 [internal function]: Illuminate\\Foundation\\Application->Illuminate\\Foundation\\{closure}(Object(App\\Providers\\RouteServiceProvider), 23)
#30 /Applications/MAMP/htdocs/Cursolaravel/blog/vendor/laravel/framework/src/Illuminate/Foundation/Application.php(896): array_walk(Array, Object(Closure))
#31 /Applications/MAMP/htdocs/Cursolaravel/blog/vendor/laravel/framework/src/Illuminate/Foundation/Bootstrap/BootProviders.php(17): Illuminate\\Foundation\\Application->boot()
#32 /Applications/MAMP/htdocs/Cursolaravel/blog/vendor/laravel/framework/src/Illuminate/Foundation/Application.php(237): Illuminate\\Foundation\\Bootstrap\\BootProviders->bootstrap(Object(Illuminate\\Foundation\\Application))
#33 /Applications/MAMP/htdocs/Cursolaravel/blog/vendor/laravel/framework/src/Illuminate/Foundation/Http/Kernel.php(152): Illuminate\\Foundation\\Application->bootstrapWith(Array)
#34 /Applications/MAMP/htdocs/Cursolaravel/blog/vendor/laravel/framework/src/Illuminate/Foundation/Http/Kernel.php(136): Illuminate\\Foundation\\Http\\Kernel->bootstrap()
#35 /Applications/MAMP/htdocs/Cursolaravel/blog/vendor/laravel/framework/src/Illuminate/Foundation/Http/Kernel.php(110): Illuminate\\Foundation\\Http\\Kernel->sendRequestThroughRouter(Object(Illuminate\\Http\\Request))
#36 /Applications/MAMP/htdocs/Cursolaravel/blog/public/index.php(52): Illuminate\\Foundation\\Http\\Kernel->handle(Object(Illuminate\\Http\\Request))
#37 {main}
"} 
[2021-08-26 00:38:08] local.ERROR: Invalid route action: [App\Http\Controllers\CursoController]. {"exception":"[object] (UnexpectedValueException(code: 0): Invalid route action: [App\\Http\\Controllers\\CursoController]. at /Applications/MAMP/htdocs/Cursolaravel/blog/vendor/laravel/framework/src/Illuminate/Routing/RouteAction.php:92)
[stacktrace]
#0 /Applications/MAMP/htdocs/Cursolaravel/blog/vendor/laravel/framework/src/Illuminate/Routing/RouteAction.php(47): Illuminate\\Routing\\RouteAction::makeInvokable('App\\\\Http\\\\Contro...')
#1 /Applications/MAMP/htdocs/Cursolaravel/blog/vendor/laravel/framework/src/Illuminate/Routing/Route.php(183): Illuminate\\Routing\\RouteAction::parse('/', Array)
#2 /Applications/MAMP/htdocs/Cursolaravel/blog/vendor/laravel/framework/src/Illuminate/Routing/Route.php(164): Illuminate\\Routing\\Route->parseAction(Array)
#3 /Applications/MAMP/htdocs/Cursolaravel/blog/vendor/laravel/framework/src/Illuminate/Routing/Router.php(557): Illuminate\\Routing\\Route->__construct(Array, '/', Array)
#4 /Applications/MAMP/htdocs/Cursolaravel/blog/vendor/laravel/framework/src/Illuminate/Routing/Router.php(476): Illuminate\\Routing\\Router->newRoute(Array, '/', Array)
#5 /Applications/MAMP/htdocs/Cursolaravel/blog/vendor/laravel/framework/src/Illuminate/Routing/Router.php(455): Illuminate\\Routing\\Router->createRoute(Array, '/', Array)
#6 /Applications/MAMP/htdocs/Cursolaravel/blog/vendor/laravel/framework/src/Illuminate/Routing/Router.php(147): Illuminate\\Routing\\Router->addRoute(Array, '/', 'App\\\\Http\\\\Contro...')
#7 /Applications/MAMP/htdocs/Cursolaravel/blog/vendor/laravel/framework/src/Illuminate/Support/Facades/Facade.php(261): Illuminate\\Routing\\Router->get('/', 'App\\\\Http\\\\Contro...')
#8 /Applications/MAMP/htdocs/Cursolaravel/blog/routes/web.php(9): Illuminate\\Support\\Facades\\Facade::__callStatic('get', Array)
#9 /Applications/MAMP/htdocs/Cursolaravel/blog/vendor/laravel/framework/src/Illuminate/Routing/RouteFileRegistrar.php(35): require('/Applications/M...')
#10 /Applications/MAMP/htdocs/Cursolaravel/blog/vendor/laravel/framework/src/Illuminate/Routing/Router.php(425): Illuminate\\Routing\\RouteFileRegistrar->register('/Applications/M...')
#11 /Applications/MAMP/htdocs/Cursolaravel/blog/vendor/laravel/framework/src/Illuminate/Routing/Router.php(382): Illuminate\\Routing\\Router->loadRoutes('/Applications/M...')
#12 /Applications/MAMP/htdocs/Cursolaravel/blog/vendor/laravel/framework/src/Illuminate/Routing/RouteRegistrar.php(135): Illuminate\\Routing\\Router->group(Array, '/Applications/M...')
#13 /Applications/MAMP/htdocs/Cursolaravel/blog/app/Providers/RouteServiceProvider.php(48): Illuminate\\Routing\\RouteRegistrar->group('/Applications/M...')
#14 /Applications/MAMP/htdocs/Cursolaravel/blog/vendor/laravel/framework/src/Illuminate/Container/BoundMethod.php(36): App\\Providers\\RouteServiceProvider->App\\Providers\\{closure}()
#15 /Applications/MAMP/htdocs/Cursolaravel/blog/vendor/laravel/framework/src/Illuminate/Container/Util.php(40): Illuminate\\Container\\BoundMethod::Illuminate\\Container\\{closure}()
#16 /Applications/MAMP/htdocs/Cursolaravel/blog/vendor/laravel/framework/src/Illuminate/Container/BoundMethod.php(81): Illuminate\\Container\\Util::unwrapIfClosure(Object(Closure))
#17 /Applications/MAMP/htdocs/Cursolaravel/blog/vendor/laravel/framework/src/Illuminate/Container/BoundMethod.php(37): Illuminate\\Container\\BoundMethod::callBoundMethod(Object(Illuminate\\Foundation\\Application), Object(Closure), Object(Closure))
#18 /Applications/MAMP/htdocs/Cursolaravel/blog/vendor/laravel/framework/src/Illuminate/Container/Container.php(651): Illuminate\\Container\\BoundMethod::call(Object(Illuminate\\Foundation\\Application), Object(Closure), Array, NULL)
#19 /Applications/MAMP/htdocs/Cursolaravel/blog/vendor/laravel/framework/src/Illuminate/Foundation/Support/Providers/RouteServiceProvider.php(120): Illuminate\\Container\\Container->call(Object(Closure))
#20 /Applications/MAMP/htdocs/Cursolaravel/blog/vendor/laravel/framework/src/Illuminate/Foundation/Support/Providers/RouteServiceProvider.php(45): Illuminate\\Foundation\\Support\\Providers\\RouteServiceProvider->loadRoutes()
#21 /Applications/MAMP/htdocs/Cursolaravel/blog/vendor/laravel/framework/src/Illuminate/Container/BoundMethod.php(36): Illuminate\\Foundation\\Support\\Providers\\RouteServiceProvider->Illuminate\\Foundation\\Support\\Providers\\{closure}()
#22 /Applications/MAMP/htdocs/Cursolaravel/blog/vendor/laravel/framework/src/Illuminate/Container/Util.php(40): Illuminate\\Container\\BoundMethod::Illuminate\\Container\\{closure}()
#23 /Applications/MAMP/htdocs/Cursolaravel/blog/vendor/laravel/framework/src/Illuminate/Container/BoundMethod.php(81): Illuminate\\Container\\Util::unwrapIfClosure(Object(Closure))
#24 /Applications/MAMP/htdocs/Cursolaravel/blog/vendor/laravel/framework/src/Illuminate/Container/BoundMethod.php(37): Illuminate\\Container\\BoundMethod::callBoundMethod(Object(Illuminate\\Foundation\\Application), Object(Closure), Object(Closure))
#25 /Applications/MAMP/htdocs/Cursolaravel/blog/vendor/laravel/framework/src/Illuminate/Container/Container.php(651): Illuminate\\Container\\BoundMethod::call(Object(Illuminate\\Foundation\\Application), Object(Closure), Array, NULL)
#26 /Applications/MAMP/htdocs/Cursolaravel/blog/vendor/laravel/framework/src/Illuminate/Support/ServiceProvider.php(113): Illuminate\\Container\\Container->call(Object(Closure))
#27 /Applications/MAMP/htdocs/Cursolaravel/blog/vendor/laravel/framework/src/Illuminate/Foundation/Application.php(917): Illuminate\\Support\\ServiceProvider->callBootedCallbacks()
#28 /Applications/MAMP/htdocs/Cursolaravel/blog/vendor/laravel/framework/src/Illuminate/Foundation/Application.php(895): Illuminate\\Foundation\\Application->bootProvider(Object(App\\Providers\\RouteServiceProvider))
#29 [internal function]: Illuminate\\Foundation\\Application->Illuminate\\Foundation\\{closure}(Object(App\\Providers\\RouteServiceProvider), 23)
#30 /Applications/MAMP/htdocs/Cursolaravel/blog/vendor/laravel/framework/src/Illuminate/Foundation/Application.php(896): array_walk(Array, Object(Closure))
#31 /Applications/MAMP/htdocs/Cursolaravel/blog/vendor/laravel/framework/src/Illuminate/Foundation/Bootstrap/BootProviders.php(17): Illuminate\\Foundation\\Application->boot()
#32 /Applications/MAMP/htdocs/Cursolaravel/blog/vendor/laravel/framework/src/Illuminate/Foundation/Application.php(237): Illuminate\\Foundation\\Bootstrap\\BootProviders->bootstrap(Object(Illuminate\\Foundation\\Application))
#33 /Applications/MAMP/htdocs/Cursolaravel/blog/vendor/laravel/framework/src/Illuminate/Foundation/Http/Kernel.php(152): Illuminate\\Foundation\\Application->bootstrapWith(Array)
#34 /Applications/MAMP/htdocs/Cursolaravel/blog/vendor/laravel/framework/src/Illuminate/Foundation/Http/Kernel.php(136): Illuminate\\Foundation\\Http\\Kernel->bootstrap()
#35 /Applications/MAMP/htdocs/Cursolaravel/blog/vendor/laravel/framework/src/Illuminate/Foundation/Http/Kernel.php(110): Illuminate\\Foundation\\Http\\Kernel->sendRequestThroughRouter(Object(Illuminate\\Http\\Request))
#36 /Applications/MAMP/htdocs/Cursolaravel/blog/public/index.php(52): Illuminate\\Foundation\\Http\\Kernel->handle(Object(Illuminate\\Http\\Request))
#37 {main}
"} 
[2021-08-26 00:38:10] local.ERROR: Invalid route action: [App\Http\Controllers\CursoController]. {"exception":"[object] (UnexpectedValueException(code: 0): Invalid route action: [App\\Http\\Controllers\\CursoController]. at /Applications/MAMP/htdocs/Cursolaravel/blog/vendor/laravel/framework/src/Illuminate/Routing/RouteAction.php:92)
[stacktrace]
#0 /Applications/MAMP/htdocs/Cursolaravel/blog/vendor/laravel/framework/src/Illuminate/Routing/RouteAction.php(47): Illuminate\\Routing\\RouteAction::makeInvokable('App\\\\Http\\\\Contro...')
#1 /Applications/MAMP/htdocs/Cursolaravel/blog/vendor/laravel/framework/src/Illuminate/Routing/Route.php(183): Illuminate\\Routing\\RouteAction::parse('/', Array)
#2 /Applications/MAMP/htdocs/Cursolaravel/blog/vendor/laravel/framework/src/Illuminate/Routing/Route.php(164): Illuminate\\Routing\\Route->parseAction(Array)
#3 /Applications/MAMP/htdocs/Cursolaravel/blog/vendor/laravel/framework/src/Illuminate/Routing/Router.php(557): Illuminate\\Routing\\Route->__construct(Array, '/', Array)
#4 /Applications/MAMP/htdocs/Cursolaravel/blog/vendor/laravel/framework/src/Illuminate/Routing/Router.php(476): Illuminate\\Routing\\Router->newRoute(Array, '/', Array)
#5 /Applications/MAMP/htdocs/Cursolaravel/blog/vendor/laravel/framework/src/Illuminate/Routing/Router.php(455): Illuminate\\Routing\\Router->createRoute(Array, '/', Array)
#6 /Applications/MAMP/htdocs/Cursolaravel/blog/vendor/laravel/framework/src/Illuminate/Routing/Router.php(147): Illuminate\\Routing\\Router->addRoute(Array, '/', 'App\\\\Http\\\\Contro...')
#7 /Applications/MAMP/htdocs/Cursolaravel/blog/vendor/laravel/framework/src/Illuminate/Support/Facades/Facade.php(261): Illuminate\\Routing\\Router->get('/', 'App\\\\Http\\\\Contro...')
#8 /Applications/MAMP/htdocs/Cursolaravel/blog/routes/web.php(9): Illuminate\\Support\\Facades\\Facade::__callStatic('get', Array)
#9 /Applications/MAMP/htdocs/Cursolaravel/blog/vendor/laravel/framework/src/Illuminate/Routing/RouteFileRegistrar.php(35): require('/Applications/M...')
#10 /Applications/MAMP/htdocs/Cursolaravel/blog/vendor/laravel/framework/src/Illuminate/Routing/Router.php(425): Illuminate\\Routing\\RouteFileRegistrar->register('/Applications/M...')
#11 /Applications/MAMP/htdocs/Cursolaravel/blog/vendor/laravel/framework/src/Illuminate/Routing/Router.php(382): Illuminate\\Routing\\Router->loadRoutes('/Applications/M...')
#12 /Applications/MAMP/htdocs/Cursolaravel/blog/vendor/laravel/framework/src/Illuminate/Routing/RouteRegistrar.php(135): Illuminate\\Routing\\Router->group(Array, '/Applications/M...')
#13 /Applications/MAMP/htdocs/Cursolaravel/blog/app/Providers/RouteServiceProvider.php(48): Illuminate\\Routing\\RouteRegistrar->group('/Applications/M...')
#14 /Applications/MAMP/htdocs/Cursolaravel/blog/vendor/laravel/framework/src/Illuminate/Container/BoundMethod.php(36): App\\Providers\\RouteServiceProvider->App\\Providers\\{closure}()
#15 /Applications/MAMP/htdocs/Cursolaravel/blog/vendor/laravel/framework/src/Illuminate/Container/Util.php(40): Illuminate\\Container\\BoundMethod::Illuminate\\Container\\{closure}()
#16 /Applications/MAMP/htdocs/Cursolaravel/blog/vendor/laravel/framework/src/Illuminate/Container/BoundMethod.php(81): Illuminate\\Container\\Util::unwrapIfClosure(Object(Closure))
#17 /Applications/MAMP/htdocs/Cursolaravel/blog/vendor/laravel/framework/src/Illuminate/Container/BoundMethod.php(37): Illuminate\\Container\\BoundMethod::callBoundMethod(Object(Illuminate\\Foundation\\Application), Object(Closure), Object(Closure))
#18 /Applications/MAMP/htdocs/Cursolaravel/blog/vendor/laravel/framework/src/Illuminate/Container/Container.php(651): Illuminate\\Container\\BoundMethod::call(Object(Illuminate\\Foundation\\Application), Object(Closure), Array, NULL)
#19 /Applications/MAMP/htdocs/Cursolaravel/blog/vendor/laravel/framework/src/Illuminate/Foundation/Support/Providers/RouteServiceProvider.php(120): Illuminate\\Container\\Container->call(Object(Closure))
#20 /Applications/MAMP/htdocs/Cursolaravel/blog/vendor/laravel/framework/src/Illuminate/Foundation/Support/Providers/RouteServiceProvider.php(45): Illuminate\\Foundation\\Support\\Providers\\RouteServiceProvider->loadRoutes()
#21 /Applications/MAMP/htdocs/Cursolaravel/blog/vendor/laravel/framework/src/Illuminate/Container/BoundMethod.php(36): Illuminate\\Foundation\\Support\\Providers\\RouteServiceProvider->Illuminate\\Foundation\\Support\\Providers\\{closure}()
#22 /Applications/MAMP/htdocs/Cursolaravel/blog/vendor/laravel/framework/src/Illuminate/Container/Util.php(40): Illuminate\\Container\\BoundMethod::Illuminate\\Container\\{closure}()
#23 /Applications/MAMP/htdocs/Cursolaravel/blog/vendor/laravel/framework/src/Illuminate/Container/BoundMethod.php(81): Illuminate\\Container\\Util::unwrapIfClosure(Object(Closure))
#24 /Applications/MAMP/htdocs/Cursolaravel/blog/vendor/laravel/framework/src/Illuminate/Container/BoundMethod.php(37): Illuminate\\Container\\BoundMethod::callBoundMethod(Object(Illuminate\\Foundation\\Application), Object(Closure), Object(Closure))
#25 /Applications/MAMP/htdocs/Cursolaravel/blog/vendor/laravel/framework/src/Illuminate/Container/Container.php(651): Illuminate\\Container\\BoundMethod::call(Object(Illuminate\\Foundation\\Application), Object(Closure), Array, NULL)
#26 /Applications/MAMP/htdocs/Cursolaravel/blog/vendor/laravel/framework/src/Illuminate/Support/ServiceProvider.php(113): Illuminate\\Container\\Container->call(Object(Closure))
#27 /Applications/MAMP/htdocs/Cursolaravel/blog/vendor/laravel/framework/src/Illuminate/Foundation/Application.php(917): Illuminate\\Support\\ServiceProvider->callBootedCallbacks()
#28 /Applications/MAMP/htdocs/Cursolaravel/blog/vendor/laravel/framework/src/Illuminate/Foundation/Application.php(895): Illuminate\\Foundation\\Application->bootProvider(Object(App\\Providers\\RouteServiceProvider))
#29 [internal function]: Illuminate\\Foundation\\Application->Illuminate\\Foundation\\{closure}(Object(App\\Providers\\RouteServiceProvider), 23)
#30 /Applications/MAMP/htdocs/Cursolaravel/blog/vendor/laravel/framework/src/Illuminate/Foundation/Application.php(896): array_walk(Array, Object(Closure))
#31 /Applications/MAMP/htdocs/Cursolaravel/blog/vendor/laravel/framework/src/Illuminate/Foundation/Bootstrap/BootProviders.php(17): Illuminate\\Foundation\\Application->boot()
#32 /Applications/MAMP/htdocs/Cursolaravel/blog/vendor/laravel/framework/src/Illuminate/Foundation/Application.php(237): Illuminate\\Foundation\\Bootstrap\\BootProviders->bootstrap(Object(Illuminate\\Foundation\\Application))
#33 /Applications/MAMP/htdocs/Cursolaravel/blog/vendor/laravel/framework/src/Illuminate/Foundation/Http/Kernel.php(152): Illuminate\\Foundation\\Application->bootstrapWith(Array)
#34 /Applications/MAMP/htdocs/Cursolaravel/blog/vendor/laravel/framework/src/Illuminate/Foundation/Http/Kernel.php(136): Illuminate\\Foundation\\Http\\Kernel->bootstrap()
#35 /Applications/MAMP/htdocs/Cursolaravel/blog/vendor/laravel/framework/src/Illuminate/Foundation/Http/Kernel.php(110): Illuminate\\Foundation\\Http\\Kernel->sendRequestThroughRouter(Object(Illuminate\\Http\\Request))
#36 /Applications/MAMP/htdocs/Cursolaravel/blog/public/index.php(52): Illuminate\\Foundation\\Http\\Kernel->handle(Object(Illuminate\\Http\\Request))
#37 {main}
"} 
[2021-08-26 00:38:12] local.ERROR: Invalid route action: [App\Http\Controllers\CursoController]. {"exception":"[object] (UnexpectedValueException(code: 0): Invalid route action: [App\\Http\\Controllers\\CursoController]. at /Applications/MAMP/htdocs/Cursolaravel/blog/vendor/laravel/framework/src/Illuminate/Routing/RouteAction.php:92)
[stacktrace]
#0 /Applications/MAMP/htdocs/Cursolaravel/blog/vendor/laravel/framework/src/Illuminate/Routing/RouteAction.php(47): Illuminate\\Routing\\RouteAction::makeInvokable('App\\\\Http\\\\Contro...')
#1 /Applications/MAMP/htdocs/Cursolaravel/blog/vendor/laravel/framework/src/Illuminate/Routing/Route.php(183): Illuminate\\Routing\\RouteAction::parse('/', Array)
#2 /Applications/MAMP/htdocs/Cursolaravel/blog/vendor/laravel/framework/src/Illuminate/Routing/Route.php(164): Illuminate\\Routing\\Route->parseAction(Array)
#3 /Applications/MAMP/htdocs/Cursolaravel/blog/vendor/laravel/framework/src/Illuminate/Routing/Router.php(557): Illuminate\\Routing\\Route->__construct(Array, '/', Array)
#4 /Applications/MAMP/htdocs/Cursolaravel/blog/vendor/laravel/framework/src/Illuminate/Routing/Router.php(476): Illuminate\\Routing\\Router->newRoute(Array, '/', Array)
#5 /Applications/MAMP/htdocs/Cursolaravel/blog/vendor/laravel/framework/src/Illuminate/Routing/Router.php(455): Illuminate\\Routing\\Router->createRoute(Array, '/', Array)
#6 /Applications/MAMP/htdocs/Cursolaravel/blog/vendor/laravel/framework/src/Illuminate/Routing/Router.php(147): Illuminate\\Routing\\Router->addRoute(Array, '/', 'App\\\\Http\\\\Contro...')
#7 /Applications/MAMP/htdocs/Cursolaravel/blog/vendor/laravel/framework/src/Illuminate/Support/Facades/Facade.php(261): Illuminate\\Routing\\Router->get('/', 'App\\\\Http\\\\Contro...')
#8 /Applications/MAMP/htdocs/Cursolaravel/blog/routes/web.php(9): Illuminate\\Support\\Facades\\Facade::__callStatic('get', Array)
#9 /Applications/MAMP/htdocs/Cursolaravel/blog/vendor/laravel/framework/src/Illuminate/Routing/RouteFileRegistrar.php(35): require('/Applications/M...')
#10 /Applications/MAMP/htdocs/Cursolaravel/blog/vendor/laravel/framework/src/Illuminate/Routing/Router.php(425): Illuminate\\Routing\\RouteFileRegistrar->register('/Applications/M...')
#11 /Applications/MAMP/htdocs/Cursolaravel/blog/vendor/laravel/framework/src/Illuminate/Routing/Router.php(382): Illuminate\\Routing\\Router->loadRoutes('/Applications/M...')
#12 /Applications/MAMP/htdocs/Cursolaravel/blog/vendor/laravel/framework/src/Illuminate/Routing/RouteRegistrar.php(135): Illuminate\\Routing\\Router->group(Array, '/Applications/M...')
#13 /Applications/MAMP/htdocs/Cursolaravel/blog/app/Providers/RouteServiceProvider.php(48): Illuminate\\Routing\\RouteRegistrar->group('/Applications/M...')
#14 /Applications/MAMP/htdocs/Cursolaravel/blog/vendor/laravel/framework/src/Illuminate/Container/BoundMethod.php(36): App\\Providers\\RouteServiceProvider->App\\Providers\\{closure}()
#15 /Applications/MAMP/htdocs/Cursolaravel/blog/vendor/laravel/framework/src/Illuminate/Container/Util.php(40): Illuminate\\Container\\BoundMethod::Illuminate\\Container\\{closure}()
#16 /Applications/MAMP/htdocs/Cursolaravel/blog/vendor/laravel/framework/src/Illuminate/Container/BoundMethod.php(81): Illuminate\\Container\\Util::unwrapIfClosure(Object(Closure))
#17 /Applications/MAMP/htdocs/Cursolaravel/blog/vendor/laravel/framework/src/Illuminate/Container/BoundMethod.php(37): Illuminate\\Container\\BoundMethod::callBoundMethod(Object(Illuminate\\Foundation\\Application), Object(Closure), Object(Closure))
#18 /Applications/MAMP/htdocs/Cursolaravel/blog/vendor/laravel/framework/src/Illuminate/Container/Container.php(651): Illuminate\\Container\\BoundMethod::call(Object(Illuminate\\Foundation\\Application), Object(Closure), Array, NULL)
#19 /Applications/MAMP/htdocs/Cursolaravel/blog/vendor/laravel/framework/src/Illuminate/Foundation/Support/Providers/RouteServiceProvider.php(120): Illuminate\\Container\\Container->call(Object(Closure))
#20 /Applications/MAMP/htdocs/Cursolaravel/blog/vendor/laravel/framework/src/Illuminate/Foundation/Support/Providers/RouteServiceProvider.php(45): Illuminate\\Foundation\\Support\\Providers\\RouteServiceProvider->loadRoutes()
#21 /Applications/MAMP/htdocs/Cursolaravel/blog/vendor/laravel/framework/src/Illuminate/Container/BoundMethod.php(36): Illuminate\\Foundation\\Support\\Providers\\RouteServiceProvider->Illuminate\\Foundation\\Support\\Providers\\{closure}()
#22 /Applications/MAMP/htdocs/Cursolaravel/blog/vendor/laravel/framework/src/Illuminate/Container/Util.php(40): Illuminate\\Container\\BoundMethod::Illuminate\\Container\\{closure}()
#23 /Applications/MAMP/htdocs/Cursolaravel/blog/vendor/laravel/framework/src/Illuminate/Container/BoundMethod.php(81): Illuminate\\Container\\Util::unwrapIfClosure(Object(Closure))
#24 /Applications/MAMP/htdocs/Cursolaravel/blog/vendor/laravel/framework/src/Illuminate/Container/BoundMethod.php(37): Illuminate\\Container\\BoundMethod::callBoundMethod(Object(Illuminate\\Foundation\\Application), Object(Closure), Object(Closure))
#25 /Applications/MAMP/htdocs/Cursolaravel/blog/vendor/laravel/framework/src/Illuminate/Container/Container.php(651): Illuminate\\Container\\BoundMethod::call(Object(Illuminate\\Foundation\\Application), Object(Closure), Array, NULL)
#26 /Applications/MAMP/htdocs/Cursolaravel/blog/vendor/laravel/framework/src/Illuminate/Support/ServiceProvider.php(113): Illuminate\\Container\\Container->call(Object(Closure))
#27 /Applications/MAMP/htdocs/Cursolaravel/blog/vendor/laravel/framework/src/Illuminate/Foundation/Application.php(917): Illuminate\\Support\\ServiceProvider->callBootedCallbacks()
#28 /Applications/MAMP/htdocs/Cursolaravel/blog/vendor/laravel/framework/src/Illuminate/Foundation/Application.php(895): Illuminate\\Foundation\\Application->bootProvider(Object(App\\Providers\\RouteServiceProvider))
#29 [internal function]: Illuminate\\Foundation\\Application->Illuminate\\Foundation\\{closure}(Object(App\\Providers\\RouteServiceProvider), 23)
#30 /Applications/MAMP/htdocs/Cursolaravel/blog/vendor/laravel/framework/src/Illuminate/Foundation/Application.php(896): array_walk(Array, Object(Closure))
#31 /Applications/MAMP/htdocs/Cursolaravel/blog/vendor/laravel/framework/src/Illuminate/Foundation/Bootstrap/BootProviders.php(17): Illuminate\\Foundation\\Application->boot()
#32 /Applications/MAMP/htdocs/Cursolaravel/blog/vendor/laravel/framework/src/Illuminate/Foundation/Application.php(237): Illuminate\\Foundation\\Bootstrap\\BootProviders->bootstrap(Object(Illuminate\\Foundation\\Application))
#33 /Applications/MAMP/htdocs/Cursolaravel/blog/vendor/laravel/framework/src/Illuminate/Foundation/Http/Kernel.php(152): Illuminate\\Foundation\\Application->bootstrapWith(Array)
#34 /Applications/MAMP/htdocs/Cursolaravel/blog/vendor/laravel/framework/src/Illuminate/Foundation/Http/Kernel.php(136): Illuminate\\Foundation\\Http\\Kernel->bootstrap()
#35 /Applications/MAMP/htdocs/Cursolaravel/blog/vendor/laravel/framework/src/Illuminate/Foundation/Http/Kernel.php(110): Illuminate\\Foundation\\Http\\Kernel->sendRequestThroughRouter(Object(Illuminate\\Http\\Request))
#36 /Applications/MAMP/htdocs/Cursolaravel/blog/public/index.php(52): Illuminate\\Foundation\\Http\\Kernel->handle(Object(Illuminate\\Http\\Request))
#37 {main}
"} 
[2021-08-26 00:38:14] local.ERROR: Invalid route action: [App\Http\Controllers\CursoController]. {"exception":"[object] (UnexpectedValueException(code: 0): Invalid route action: [App\\Http\\Controllers\\CursoController]. at /Applications/MAMP/htdocs/Cursolaravel/blog/vendor/laravel/framework/src/Illuminate/Routing/RouteAction.php:92)
[stacktrace]
#0 /Applications/MAMP/htdocs/Cursolaravel/blog/vendor/laravel/framework/src/Illuminate/Routing/RouteAction.php(47): Illuminate\\Routing\\RouteAction::makeInvokable('App\\\\Http\\\\Contro...')
#1 /Applications/MAMP/htdocs/Cursolaravel/blog/vendor/laravel/framework/src/Illuminate/Routing/Route.php(183): Illuminate\\Routing\\RouteAction::parse('/', Array)
#2 /Applications/MAMP/htdocs/Cursolaravel/blog/vendor/laravel/framework/src/Illuminate/Routing/Route.php(164): Illuminate\\Routing\\Route->parseAction(Array)
#3 /Applications/MAMP/htdocs/Cursolaravel/blog/vendor/laravel/framework/src/Illuminate/Routing/Router.php(557): Illuminate\\Routing\\Route->__construct(Array, '/', Array)
#4 /Applications/MAMP/htdocs/Cursolaravel/blog/vendor/laravel/framework/src/Illuminate/Routing/Router.php(476): Illuminate\\Routing\\Router->newRoute(Array, '/', Array)
#5 /Applications/MAMP/htdocs/Cursolaravel/blog/vendor/laravel/framework/src/Illuminate/Routing/Router.php(455): Illuminate\\Routing\\Router->createRoute(Array, '/', Array)
#6 /Applications/MAMP/htdocs/Cursolaravel/blog/vendor/laravel/framework/src/Illuminate/Routing/Router.php(147): Illuminate\\Routing\\Router->addRoute(Array, '/', 'App\\\\Http\\\\Contro...')
#7 /Applications/MAMP/htdocs/Cursolaravel/blog/vendor/laravel/framework/src/Illuminate/Support/Facades/Facade.php(261): Illuminate\\Routing\\Router->get('/', 'App\\\\Http\\\\Contro...')
#8 /Applications/MAMP/htdocs/Cursolaravel/blog/routes/web.php(9): Illuminate\\Support\\Facades\\Facade::__callStatic('get', Array)
#9 /Applications/MAMP/htdocs/Cursolaravel/blog/vendor/laravel/framework/src/Illuminate/Routing/RouteFileRegistrar.php(35): require('/Applications/M...')
#10 /Applications/MAMP/htdocs/Cursolaravel/blog/vendor/laravel/framework/src/Illuminate/Routing/Router.php(425): Illuminate\\Routing\\RouteFileRegistrar->register('/Applications/M...')
#11 /Applications/MAMP/htdocs/Cursolaravel/blog/vendor/laravel/framework/src/Illuminate/Routing/Router.php(382): Illuminate\\Routing\\Router->loadRoutes('/Applications/M...')
#12 /Applications/MAMP/htdocs/Cursolaravel/blog/vendor/laravel/framework/src/Illuminate/Routing/RouteRegistrar.php(135): Illuminate\\Routing\\Router->group(Array, '/Applications/M...')
#13 /Applications/MAMP/htdocs/Cursolaravel/blog/app/Providers/RouteServiceProvider.php(48): Illuminate\\Routing\\RouteRegistrar->group('/Applications/M...')
#14 /Applications/MAMP/htdocs/Cursolaravel/blog/vendor/laravel/framework/src/Illuminate/Container/BoundMethod.php(36): App\\Providers\\RouteServiceProvider->App\\Providers\\{closure}()
#15 /Applications/MAMP/htdocs/Cursolaravel/blog/vendor/laravel/framework/src/Illuminate/Container/Util.php(40): Illuminate\\Container\\BoundMethod::Illuminate\\Container\\{closure}()
#16 /Applications/MAMP/htdocs/Cursolaravel/blog/vendor/laravel/framework/src/Illuminate/Container/BoundMethod.php(81): Illuminate\\Container\\Util::unwrapIfClosure(Object(Closure))
#17 /Applications/MAMP/htdocs/Cursolaravel/blog/vendor/laravel/framework/src/Illuminate/Container/BoundMethod.php(37): Illuminate\\Container\\BoundMethod::callBoundMethod(Object(Illuminate\\Foundation\\Application), Object(Closure), Object(Closure))
#18 /Applications/MAMP/htdocs/Cursolaravel/blog/vendor/laravel/framework/src/Illuminate/Container/Container.php(651): Illuminate\\Container\\BoundMethod::call(Object(Illuminate\\Foundation\\Application), Object(Closure), Array, NULL)
#19 /Applications/MAMP/htdocs/Cursolaravel/blog/vendor/laravel/framework/src/Illuminate/Foundation/Support/Providers/RouteServiceProvider.php(120): Illuminate\\Container\\Container->call(Object(Closure))
#20 /Applications/MAMP/htdocs/Cursolaravel/blog/vendor/laravel/framework/src/Illuminate/Foundation/Support/Providers/RouteServiceProvider.php(45): Illuminate\\Foundation\\Support\\Providers\\RouteServiceProvider->loadRoutes()
#21 /Applications/MAMP/htdocs/Cursolaravel/blog/vendor/laravel/framework/src/Illuminate/Container/BoundMethod.php(36): Illuminate\\Foundation\\Support\\Providers\\RouteServiceProvider->Illuminate\\Foundation\\Support\\Providers\\{closure}()
#22 /Applications/MAMP/htdocs/Cursolaravel/blog/vendor/laravel/framework/src/Illuminate/Container/Util.php(40): Illuminate\\Container\\BoundMethod::Illuminate\\Container\\{closure}()
#23 /Applications/MAMP/htdocs/Cursolaravel/blog/vendor/laravel/framework/src/Illuminate/Container/BoundMethod.php(81): Illuminate\\Container\\Util::unwrapIfClosure(Object(Closure))
#24 /Applications/MAMP/htdocs/Cursolaravel/blog/vendor/laravel/framework/src/Illuminate/Container/BoundMethod.php(37): Illuminate\\Container\\BoundMethod::callBoundMethod(Object(Illuminate\\Foundation\\Application), Object(Closure), Object(Closure))
#25 /Applications/MAMP/htdocs/Cursolaravel/blog/vendor/laravel/framework/src/Illuminate/Container/Container.php(651): Illuminate\\Container\\BoundMethod::call(Object(Illuminate\\Foundation\\Application), Object(Closure), Array, NULL)
#26 /Applications/MAMP/htdocs/Cursolaravel/blog/vendor/laravel/framework/src/Illuminate/Support/ServiceProvider.php(113): Illuminate\\Container\\Container->call(Object(Closure))
#27 /Applications/MAMP/htdocs/Cursolaravel/blog/vendor/laravel/framework/src/Illuminate/Foundation/Application.php(917): Illuminate\\Support\\ServiceProvider->callBootedCallbacks()
#28 /Applications/MAMP/htdocs/Cursolaravel/blog/vendor/laravel/framework/src/Illuminate/Foundation/Application.php(895): Illuminate\\Foundation\\Application->bootProvider(Object(App\\Providers\\RouteServiceProvider))
#29 [internal function]: Illuminate\\Foundation\\Application->Illuminate\\Foundation\\{closure}(Object(App\\Providers\\RouteServiceProvider), 23)
#30 /Applications/MAMP/htdocs/Cursolaravel/blog/vendor/laravel/framework/src/Illuminate/Foundation/Application.php(896): array_walk(Array, Object(Closure))
#31 /Applications/MAMP/htdocs/Cursolaravel/blog/vendor/laravel/framework/src/Illuminate/Foundation/Bootstrap/BootProviders.php(17): Illuminate\\Foundation\\Application->boot()
#32 /Applications/MAMP/htdocs/Cursolaravel/blog/vendor/laravel/framework/src/Illuminate/Foundation/Application.php(237): Illuminate\\Foundation\\Bootstrap\\BootProviders->bootstrap(Object(Illuminate\\Foundation\\Application))
#33 /Applications/MAMP/htdocs/Cursolaravel/blog/vendor/laravel/framework/src/Illuminate/Foundation/Http/Kernel.php(152): Illuminate\\Foundation\\Application->bootstrapWith(Array)
#34 /Applications/MAMP/htdocs/Cursolaravel/blog/vendor/laravel/framework/src/Illuminate/Foundation/Http/Kernel.php(136): Illuminate\\Foundation\\Http\\Kernel->bootstrap()
#35 /Applications/MAMP/htdocs/Cursolaravel/blog/vendor/laravel/framework/src/Illuminate/Foundation/Http/Kernel.php(110): Illuminate\\Foundation\\Http\\Kernel->sendRequestThroughRouter(Object(Illuminate\\Http\\Request))
#36 /Applications/MAMP/htdocs/Cursolaravel/blog/public/index.php(52): Illuminate\\Foundation\\Http\\Kernel->handle(Object(Illuminate\\Http\\Request))
#37 {main}
"} 
